<?xml version="1.0" encoding="UTF-8"?>
<!-- Generated by org.testng.reporters.JUnitXMLReporter -->
<testsuite ignored="0" hostname="DESKTOP-VABP76R" failures="0" tests="4" name="Surefire test" time="31.521" errors="0" timestamp="2026-06-21T08:36:29 AST">
  <testcase classname="com.saucedemo.tests.LoginTests" name="testInvalidLoginDataDriven" time="0.928"/>
  <testcase classname="com.saucedemo.tests.LoginTests" name="testInvalidLoginDataDriven" time="3.102"/>
  <testcase classname="com.saucedemo.tests.LoginTests" name="testInvalidLoginDataDriven" time="0.448"/>
  <testcase classname="com.saucedemo.tests.LoginTests" name="testSuccessfulLogin" time="0.51"/>
</testsuite> <!-- Surefire test -->
