<?xml version="1.0" encoding="UTF-8"?>
<!-- Generated by org.testng.reporters.JUnitXMLReporter -->
<testsuite ignored="2" hostname="DESKTOP-VABP76R" failures="0" tests="1" name="Surefire test" time="23.408" errors="0" timestamp="2026-06-21T08:21:46 AST">
  <testcase classname="com.saucedemo.tests.CheckoutTests" name="testCheckoutWithInterruptedFlow" time="12.596"/>
  <testcase classname="com.saucedemo.tests.CheckoutTests" name="testCheckoutTotalCalculation" time="0.0">
    <ignored/>
  </testcase> <!-- testCheckoutTotalCalculation -->
  <testcase classname="com.saucedemo.tests.CheckoutTests" name="testSuccessfulCheckoutProcess" time="0.0">
    <ignored/>
  </testcase> <!-- testSuccessfulCheckoutProcess -->
</testsuite> <!-- Surefire test -->
