<?xml version="1.0" encoding="UTF-8"?>
<!-- Generated by org.testng.reporters.JUnitXMLReporter -->
<testsuite ignored="0" hostname="DESKTOP-VABP76R" failures="1" tests="10" name="E2E Tests" time="35.616" errors="0" timestamp="2026-06-20T18:33:44 AST">
  <testcase classname="com.saucedemo.tests.InventoryTests" name="testSortProductsByNameZA" time="0.891"/>
  <testcase classname="com.saucedemo.tests.CartTests" name="testAddProductsToCart" time="1.089"/>
  <testcase classname="com.saucedemo.tests.CheckoutTests" name="testCheckoutTotalCalculation" time="1.981"/>
  <testcase classname="com.saucedemo.tests.InventoryTests" name="testSortProductsByPriceLowToHigh" time="0.222"/>
  <testcase classname="com.saucedemo.tests.LoginTests" name="testInvalidPasswordLogin" time="0.457"/>
  <testcase classname="com.saucedemo.tests.LoginTests" name="testLockedOutUserLogin" time="0.458"/>
  <testcase classname="com.saucedemo.tests.CheckoutTests" name="testCheckoutWithInterruptedFlow" time="12.139">
    <failure type="org.openqa.selenium.TimeoutException" message="Expected condition failed: waiting for visibility of element located by By.className: complete-header (tried for 10 second(s) with 500 milliseconds interval)
Build info: version: &amp;apos;4.21.0&amp;apos;, revision: &amp;apos;79ed462ef4&amp;apos;
System info: os.name: &amp;apos;Windows 10&amp;apos;, os.arch: &amp;apos;amd64&amp;apos;, os.version: &amp;apos;10.0&amp;apos;, java.version: &amp;apos;21.0.3&amp;apos;
Driver info: org.openqa.selenium.chrome.ChromeDriver
Capabilities {acceptInsecureCerts: false, browserName: chrome, browserVersion: 149.0.7827.155, chrome: {chromedriverVersion: 149.0.7827.155 (07b52360cc1..., userDataDir: C:\Users\sasal\AppData\Loca...}, fedcm:accounts: true, goog:chromeOptions: {debuggerAddress: localhost:54610}, goog:processID: 1812, networkConnectionEnabled: false, pageLoadStrategy: normal, platformName: windows, proxy: Proxy(), se:cdp: ws://localhost:54610/devtoo..., se:cdpVersion: 149.0.7827.155, setWindowRect: true, strictFileInteractability: false, timeouts: {implicit: 0, pageLoad: 300000, script: 30000}, unhandledPromptBehavior: dismiss and notify, webauthn:extension:credBlob: true, webauthn:extension:largeBlob: true, webauthn:extension:minPinLength: true, webauthn:extension:prf: true, webauthn:virtualAuthenticators: true}
Session ID: 709c1411fddf322990f102c38b5a68ce">
      <![CDATA[org.openqa.selenium.TimeoutException: Expected condition failed: waiting for visibility of element located by By.className: complete-header (tried for 10 second(s) with 500 milliseconds interval)
Build info: version: '4.21.0', revision: '79ed462ef4'
System info: os.name: 'Windows 10', os.arch: 'amd64', os.version: '10.0', java.version: '21.0.3'
Driver info: org.openqa.selenium.chrome.ChromeDriver
Capabilities {acceptInsecureCerts: false, browserName: chrome, browserVersion: 149.0.7827.155, chrome: {chromedriverVersion: 149.0.7827.155 (07b52360cc1..., userDataDir: C:\Users\sasal\AppData\Loca...}, fedcm:accounts: true, goog:chromeOptions: {debuggerAddress: localhost:54610}, goog:processID: 1812, networkConnectionEnabled: false, pageLoadStrategy: normal, platformName: windows, proxy: Proxy(), se:cdp: ws://localhost:54610/devtoo..., se:cdpVersion: 149.0.7827.155, setWindowRect: true, strictFileInteractability: false, timeouts: {implicit: 0, pageLoad: 300000, script: 30000}, unhandledPromptBehavior: dismiss and notify, webauthn:extension:credBlob: true, webauthn:extension:largeBlob: true, webauthn:extension:minPinLength: true, webauthn:extension:prf: true, webauthn:virtualAuthenticators: true}
Session ID: 709c1411fddf322990f102c38b5a68ce
at org.openqa.selenium.support.ui.WebDriverWait.timeoutException(WebDriverWait.java:84)
at org.openqa.selenium.support.ui.FluentWait.until(FluentWait.java:228)
at com.saucedemo.pages.BasePage.waitForElementVisible(BasePage.java:49)
at com.saucedemo.pages.BasePage.getText(BasePage.java:37)
at com.saucedemo.pages.CheckoutCompletePage.getCompleteHeaderText(CheckoutCompletePage.java:12)
at com.saucedemo.tests.CheckoutTests.testCheckoutWithInterruptedFlow(CheckoutTests.java:90)
at java.base/java.util.concurrent.Executors$RunnableAdapter.call(Executors.java:572)
at java.base/java.util.concurrent.FutureTask.run(FutureTask.java:317)
at java.base/java.util.concurrent.ThreadPoolExecutor.runWorker(ThreadPoolExecutor.java:1144)
at java.base/java.util.concurrent.ThreadPoolExecutor$Worker.run(ThreadPoolExecutor.java:642)
at java.base/java.lang.Thread.run(Thread.java:1583)
... Removed 11 stack frames]]>
    </failure>
  </testcase> <!-- testCheckoutWithInterruptedFlow -->
  <testcase classname="com.saucedemo.tests.LoginTests" name="testSuccessfulLogin" time="0.5"/>
  <testcase classname="com.saucedemo.tests.CheckoutTests" name="testSuccessfulCheckoutProcess" time="1.484"/>
  <testcase classname="com.saucedemo.tests.CartTests" name="testRemoveProductFromCartPage" time="20.788"/>
</testsuite> <!-- E2E Tests -->
