<?xml version="1.0" encoding="UTF-8"?>
<testng-results ignored="0" total="1" passed="1" failed="0" skipped="0">
  <reporter-output>
  </reporter-output>
  <suite started-at="2026-06-21T08:21:22 AST" name="Surefire suite" finished-at="2026-06-21T08:21:46 AST" duration-ms="23408">
    <groups>
    </groups>
    <test started-at="2026-06-21T08:21:22 AST" name="Surefire test" finished-at="2026-06-21T08:21:46 AST" duration-ms="23408">
      <class name="com.saucedemo.tests.CheckoutTests">
        <test-method is-config="true" signature="setUp()[pri:0, instance:com.saucedemo.tests.CheckoutTests@1eea9d2d]" started-at="2026-06-21T08:21:22 AST" name="setUp" finished-at="2026-06-21T08:21:32 AST" duration-ms="9937" status="PASS">
          <reporter-output>
          </reporter-output>
        </test-method> <!-- setUp -->
        <test-method is-config="true" signature="login()[pri:0, instance:com.saucedemo.tests.CheckoutTests@1eea9d2d]" started-at="2026-06-21T08:21:32 AST" name="login" finished-at="2026-06-21T08:21:33 AST" duration-ms="422" status="PASS">
          <reporter-output>
          </reporter-output>
        </test-method> <!-- login -->
        <test-method signature="testCheckoutWithInterruptedFlow()[pri:0, instance:com.saucedemo.tests.CheckoutTests@1eea9d2d]" started-at="2026-06-21T08:21:33 AST" name="testCheckoutWithInterruptedFlow" description="Verify checkout process with interrupted flow (cancel and add more items)" finished-at="2026-06-21T08:21:45 AST" duration-ms="12596" status="PASS">
          <reporter-output>
          </reporter-output>
        </test-method> <!-- testCheckoutWithInterruptedFlow -->
        <test-method is-config="true" signature="tearDown()[pri:0, instance:com.saucedemo.tests.CheckoutTests@1eea9d2d]" started-at="2026-06-21T08:21:45 AST" name="tearDown" finished-at="2026-06-21T08:21:46 AST" duration-ms="209" status="PASS">
          <reporter-output>
          </reporter-output>
        </test-method> <!-- tearDown -->
      </class> <!-- com.saucedemo.tests.CheckoutTests -->
    </test> <!-- Surefire test -->
  </suite> <!-- Surefire suite -->
</testng-results>
