<?xml version="1.0" encoding="UTF-8"?>
<testng-results ignored="0" total="4" passed="4" failed="0" skipped="0">
  <reporter-output>
  </reporter-output>
  <suite started-at="2026-06-21T08:35:58 AST" name="Surefire suite" finished-at="2026-06-21T08:36:29 AST" duration-ms="31521">
    <groups>
    </groups>
    <test started-at="2026-06-21T08:35:58 AST" name="Surefire test" finished-at="2026-06-21T08:36:29 AST" duration-ms="31521">
      <class name="com.saucedemo.tests.LoginTests">
        <test-method is-config="true" signature="setUp()[pri:0, instance:com.saucedemo.tests.LoginTests@5b3f3ba0]" started-at="2026-06-21T08:35:59 AST" name="setUp" finished-at="2026-06-21T08:36:15 AST" duration-ms="16741" status="PASS">
          <reporter-output>
          </reporter-output>
        </test-method> <!-- setUp -->
        <test-method signature="testInvalidLoginDataDriven(java.util.Map)[pri:0, instance:com.saucedemo.tests.LoginTests@5b3f3ba0]" started-at="2026-06-21T08:36:15 AST" name="testInvalidLoginDataDriven" description="Verify login fails with invalid credentials via JSON data provider" data-provider="invalidLoginData" finished-at="2026-06-21T08:36:16 AST" duration-ms="928" status="PASS">
          <params>
            <param index="0">
              <value>
                <![CDATA[{username=locked_out_user, password=secret_sauce, expectedErrorMessage=Epic sadface: Sorry, this user has been locked out.}]]>
              </value>
            </param>
          </params>
          <reporter-output>
          </reporter-output>
        </test-method> <!-- testInvalidLoginDataDriven -->
        <test-method is-config="true" signature="tearDown()[pri:0, instance:com.saucedemo.tests.LoginTests@5b3f3ba0]" started-at="2026-06-21T08:36:16 AST" name="tearDown" finished-at="2026-06-21T08:36:17 AST" duration-ms="182" status="PASS">
          <reporter-output>
          </reporter-output>
        </test-method> <!-- tearDown -->
        <test-method is-config="true" signature="setUp()[pri:0, instance:com.saucedemo.tests.LoginTests@5b3f3ba0]" started-at="2026-06-21T08:36:17 AST" name="setUp" finished-at="2026-06-21T08:36:19 AST" duration-ms="1985" status="PASS">
          <reporter-output>
          </reporter-output>
        </test-method> <!-- setUp -->
        <test-method signature="testInvalidLoginDataDriven(java.util.Map)[pri:0, instance:com.saucedemo.tests.LoginTests@5b3f3ba0]" started-at="2026-06-21T08:36:19 AST" name="testInvalidLoginDataDriven" description="Verify login fails with invalid credentials via JSON data provider" data-provider="invalidLoginData" finished-at="2026-06-21T08:36:22 AST" duration-ms="3102" status="PASS">
          <params>
            <param index="0">
              <value>
                <![CDATA[{username=standard_user, password=wrong_password, expectedErrorMessage=Epic sadface: Username and password do not match any user in this service}]]>
              </value>
            </param>
          </params>
          <reporter-output>
          </reporter-output>
        </test-method> <!-- testInvalidLoginDataDriven -->
        <test-method is-config="true" signature="tearDown()[pri:0, instance:com.saucedemo.tests.LoginTests@5b3f3ba0]" started-at="2026-06-21T08:36:22 AST" name="tearDown" finished-at="2026-06-21T08:36:22 AST" duration-ms="135" status="PASS">
          <reporter-output>
          </reporter-output>
        </test-method> <!-- tearDown -->
        <test-method is-config="true" signature="setUp()[pri:0, instance:com.saucedemo.tests.LoginTests@5b3f3ba0]" started-at="2026-06-21T08:36:22 AST" name="setUp" finished-at="2026-06-21T08:36:25 AST" duration-ms="3311" status="PASS">
          <reporter-output>
          </reporter-output>
        </test-method> <!-- setUp -->
        <test-method signature="testInvalidLoginDataDriven(java.util.Map)[pri:0, instance:com.saucedemo.tests.LoginTests@5b3f3ba0]" started-at="2026-06-21T08:36:25 AST" name="testInvalidLoginDataDriven" description="Verify login fails with invalid credentials via JSON data provider" data-provider="invalidLoginData" finished-at="2026-06-21T08:36:26 AST" duration-ms="448" status="PASS">
          <params>
            <param index="0">
              <value>
                <![CDATA[{username=invalid_user, password=invalid_password, expectedErrorMessage=Epic sadface: Username and password do not match any user in this service}]]>
              </value>
            </param>
          </params>
          <reporter-output>
          </reporter-output>
        </test-method> <!-- testInvalidLoginDataDriven -->
        <test-method is-config="true" signature="tearDown()[pri:0, instance:com.saucedemo.tests.LoginTests@5b3f3ba0]" started-at="2026-06-21T08:36:26 AST" name="tearDown" finished-at="2026-06-21T08:36:26 AST" duration-ms="137" status="PASS">
          <reporter-output>
          </reporter-output>
        </test-method> <!-- tearDown -->
        <test-method is-config="true" signature="setUp()[pri:0, instance:com.saucedemo.tests.LoginTests@5b3f3ba0]" started-at="2026-06-21T08:36:26 AST" name="setUp" finished-at="2026-06-21T08:36:29 AST" duration-ms="2863" status="PASS">
          <reporter-output>
          </reporter-output>
        </test-method> <!-- setUp -->
        <test-method signature="testSuccessfulLogin()[pri:0, instance:com.saucedemo.tests.LoginTests@5b3f3ba0]" started-at="2026-06-21T08:36:29 AST" name="testSuccessfulLogin" description="Verify successful login with valid credentials" finished-at="2026-06-21T08:36:29 AST" duration-ms="510" status="PASS">
          <reporter-output>
          </reporter-output>
        </test-method> <!-- testSuccessfulLogin -->
        <test-method is-config="true" signature="tearDown()[pri:0, instance:com.saucedemo.tests.LoginTests@5b3f3ba0]" started-at="2026-06-21T08:36:29 AST" name="tearDown" finished-at="2026-06-21T08:36:29 AST" duration-ms="141" status="PASS">
          <reporter-output>
          </reporter-output>
        </test-method> <!-- tearDown -->
      </class> <!-- com.saucedemo.tests.LoginTests -->
    </test> <!-- Surefire test -->
  </suite> <!-- Surefire suite -->
</testng-results>
