<?xml version="1.0" encoding="UTF-8"?>
<!-- Generated by org.testng.reporters.JUnitReportReporter -->
<testsuite hostname="DESKTOP-VABP76R" failures="0" tests="4" name="com.saucedemo.tests.LoginTests" time="30.483" errors="0" timestamp="2026-06-21T08:36:29 AST" skipped="0">
  <testcase classname="com.saucedemo.tests.LoginTests" name="testSuccessfulLogin" time="17.386"/>
  <testcase classname="com.saucedemo.tests.LoginTests" name="testInvalidLoginDataDriven" time="4.376"/>
  <testcase classname="com.saucedemo.tests.LoginTests" name="testInvalidLoginDataDriven" time="6.147"/>
  <testcase classname="com.saucedemo.tests.LoginTests" name="testInvalidLoginDataDriven" time="2.574"/>
</testsuite> <!-- com.saucedemo.tests.LoginTests -->
