<?xml version="1.0" encoding="UTF-8"?>
<!-- Generated by org.testng.reporters.JUnitReportReporter -->
<testsuite hostname="DESKTOP-VABP76R" failures="0" tests="2" name="com.saucedemo.tests.InventoryTests" time="13.551" errors="0" timestamp="2026-06-20T18:33:44 AST" skipped="0">
  <testcase classname="com.saucedemo.tests.InventoryTests" name="testSortProductsByNameZA" time="4.699"/>
  <testcase classname="com.saucedemo.tests.InventoryTests" name="testSortProductsByPriceLowToHigh" time="8.852"/>
</testsuite> <!-- com.saucedemo.tests.InventoryTests -->
