<?xml version="1.0" encoding="UTF-8"?>
<!-- Generated by org.testng.reporters.JUnitReportReporter -->
<testsuite hostname="DESKTOP-VABP76R" failures="0" tests="2" name="com.saucedemo.tests.CartTests" time="35.262" errors="0" timestamp="2026-06-20T18:33:44 AST" skipped="0">
  <testcase classname="com.saucedemo.tests.CartTests" name="testAddProductsToCart" time="7.735"/>
  <testcase classname="com.saucedemo.tests.CartTests" name="testRemoveProductFromCartPage" time="27.527"/>
</testsuite> <!-- com.saucedemo.tests.CartTests -->
