<?xml version="1.0" encoding="UTF-8"?>
<!-- Generated by org.testng.reporters.JUnitReportReporter -->
<testsuite hostname="DESKTOP-VABP76R" failures="0" tests="3" name="com.saucedemo.tests.LoginTests" time="17.466" errors="0" timestamp="2026-06-20T18:33:44 AST" skipped="0">
  <testcase classname="com.saucedemo.tests.LoginTests" name="testLockedOutUserLogin" time="3.807"/>
  <testcase classname="com.saucedemo.tests.LoginTests" name="testInvalidPasswordLogin" time="9.344"/>
  <testcase classname="com.saucedemo.tests.LoginTests" name="testSuccessfulLogin" time="4.315"/>
</testsuite> <!-- com.saucedemo.tests.LoginTests -->
